<?xml version="1.0" encoding="UTF-8"?>
<!-- Generated by org.testng.reporters.JUnitXMLReporter -->
<testsuite ignored="0" hostname="DESKTOP-HIN4ESK" failures="0" tests="1" name="Test" time="0.019" errors="0" timestamp="2024-11-11T16:58:43 IST">
  <testcase classname="Test_scenario_2.TS_2" name="@BeforeSuite beforesuites" time="0.4">
    <failure type="java.lang.NullPointerException" message="Cannot invoke &amp;quot;org.openqa.selenium.WebDriver.manage()&amp;quot; because &amp;quot;this.driver&amp;quot; is null">
      <![CDATA[java.lang.NullPointerException: Cannot invoke "org.openqa.selenium.WebDriver.manage()" because "this.driver" is null
at Test_scenario_2.TS_2.beforesuites(TS_2.java:25)
... Removed 17 stack frames]]>
    </failure>
  </testcase> <!-- @BeforeSuite beforesuites -->
  <testcase classname="Test_scenario_2.TS_2" name="test2" time="0.0">
    <skipped/>
  </testcase> <!-- test2 -->
</testsuite> <!-- Test -->
