<?xml version="1.0" encoding="UTF-8"?>
<!-- Generated by org.testng.reporters.JUnitXMLReporter -->
<testsuite ignored="0" hostname="DESKTOP-HIN4ESK" failures="1" tests="1" name="Test5" time="69.555" errors="0" timestamp="2024-11-12T17:31:03 IST">
  <testcase classname="Inputformsubmit.Testscenario3" name="test3" time="60.74">
    <failure type="org.openqa.selenium.WebDriverException" message="Reached error page: about:neterror?e=netTimeout&amp;amp;u=https%3A//www.lambdatest.com/selenium-playground&amp;amp;c=UTF-8&amp;amp;d=The%20server%20at%20www.lambdatest.com%20is%20taking%20too%20long%20to%20respond.
Build info: version: &amp;apos;4.18.1&amp;apos;, revision: &amp;apos;b1d3319b48&amp;apos;
System info: os.name: &amp;apos;Windows 11&amp;apos;, os.arch: &amp;apos;amd64&amp;apos;, os.version: &amp;apos;10.0&amp;apos;, java.version: &amp;apos;22.0.1&amp;apos;
Driver info: org.openqa.selenium.remote.RemoteWebDriver
Command: [552be653-7e9f-488c-adbe-a219166951d5, get {url=https://www.lambdatest.com/selenium-playground}]
Capabilities {acceptInsecureCerts: true, browserName: firefox, browserVersion: 102.0, moz:accessibilityChecks: false, moz:buildID: 20220531194922, moz:geckodriverVersion: 0.31.0, moz:headless: false, moz:processID: 608, moz:profile: C:\Users\ltuser\AppData\Loc..., moz:shutdownTimeout: 60000, moz:useNonSpecCompliantPointerOrigin: false, moz:webdriverClick: true, moz:windowless: false, pageLoadStrategy: normal, platformName: windows, platformVersion: 6.2, proxy: Proxy(), setWindowRect: true, strictFileInteractability: false, timeouts: {implicit: 0, pageLoad: 300000, script: 30000}, unhandledPromptBehavior: dismiss and notify}
Session ID: 552be653-7e9f-488c-adbe-a219166951d5">
      <![CDATA[org.openqa.selenium.WebDriverException: Reached error page: about:neterror?e=netTimeout&u=https%3A//www.lambdatest.com/selenium-playground&c=UTF-8&d=The%20server%20at%20www.lambdatest.com%20is%20taking%20too%20long%20to%20respond.
Build info: version: '4.18.1', revision: 'b1d3319b48'
System info: os.name: 'Windows 11', os.arch: 'amd64', os.version: '10.0', java.version: '22.0.1'
Driver info: org.openqa.selenium.remote.RemoteWebDriver
Command: [552be653-7e9f-488c-adbe-a219166951d5, get {url=https://www.lambdatest.com/selenium-playground}]
Capabilities {acceptInsecureCerts: true, browserName: firefox, browserVersion: 102.0, moz:accessibilityChecks: false, moz:buildID: 20220531194922, moz:geckodriverVersion: 0.31.0, moz:headless: false, moz:processID: 608, moz:profile: C:\Users\ltuser\AppData\Loc..., moz:shutdownTimeout: 60000, moz:useNonSpecCompliantPointerOrigin: false, moz:webdriverClick: true, moz:windowless: false, pageLoadStrategy: normal, platformName: windows, platformVersion: 6.2, proxy: Proxy(), setWindowRect: true, strictFileInteractability: false, timeouts: {implicit: 0, pageLoad: 300000, script: 30000}, unhandledPromptBehavior: dismiss and notify}
Session ID: 552be653-7e9f-488c-adbe-a219166951d5
at org.openqa.selenium.remote.ErrorCodec.decode(ErrorCodec.java:167)
at org.openqa.selenium.remote.codec.w3c.W3CHttpResponseCodec.decode(W3CHttpResponseCodec.java:138)
at org.openqa.selenium.remote.codec.w3c.W3CHttpResponseCodec.decode(W3CHttpResponseCodec.java:50)
at org.openqa.selenium.remote.HttpCommandExecutor.execute(HttpCommandExecutor.java:190)
at org.openqa.selenium.remote.TracedCommandExecutor.execute(TracedCommandExecutor.java:51)
at org.openqa.selenium.remote.RemoteWebDriver.execute(RemoteWebDriver.java:519)
at org.openqa.selenium.remote.RemoteWebDriver.get(RemoteWebDriver.java:301)
at Inputformsubmit.Testscenario3.test3(Testscenario3.java:60)
at java.base/java.util.ArrayList.forEach(ArrayList.java:1597)
... Removed 28 stack frames]]>
    </failure>
  </testcase> <!-- test3 -->
</testsuite> <!-- Test5 -->
